<?xml version="1.0" encoding="UTF-8"?>
<testsuite xmlns:xsi="http://www.w3.org/2001/XMLSchema-instance" xsi:noNamespaceSchemaLocation="https://maven.apache.org/surefire/maven-surefire-plugin/xsd/surefire-test-report.xsd" name="RunCucmberTest" time="28.258" tests="3" errors="0" skipped="0" failures="0">
  <properties>
[...]
</properties>
  <testcase name="Sent request for getting articles #1" classname="RunCucmberTest" time="25.936"/>
  <testcase name="Sent request for getting articles #2" classname="RunCucmberTest" time="1.201"/>
  <testcase name="Sent request for getting articles #3" classname="RunCucmberTest" time="0.977"/>
</testsuite>